<?xml version="1.0" encoding="UTF-8"?>
<!-- Generated by org.testng.reporters.JUnitXMLReporter -->
<testsuite ignored="0" hostname="Solidus" failures="1" tests="1" name="Custom Field" time="37.376" errors="0" timestamp="2023-03-27T19:50:32 ART">
  <testcase classname="com.automationtest.testng.DeleteCustomFieldTest" name="newCustomField" time="16.181">
    <failure type="org.openqa.selenium.TimeoutException" message="Expected condition failed: waiting for visibility of element located by By.xpath: //button[@class=&amp;apos;oxd-button oxd-button--medium oxd-button--label-danger orangehrm-button-margin&amp;apos;] (tried for 10 second(s) with 500 milliseconds interval)
Build info: version: &amp;apos;4.8.0&amp;apos;, revision: &amp;apos;267030adea&amp;apos;
System info: os.name: &amp;apos;Windows 10&amp;apos;, os.arch: &amp;apos;amd64&amp;apos;, os.version: &amp;apos;10.0&amp;apos;, java.version: &amp;apos;17.0.2&amp;apos;
Driver info: driver.version: unknown">
      <![CDATA[org.openqa.selenium.TimeoutException: Expected condition failed: waiting for visibility of element located by By.xpath: //button[@class='oxd-button oxd-button--medium oxd-button--label-danger orangehrm-button-margin'] (tried for 10 second(s) with 500 milliseconds interval)
Build info: version: '4.8.0', revision: '267030adea'
System info: os.name: 'Windows 10', os.arch: 'amd64', os.version: '10.0', java.version: '17.0.2'
Driver info: driver.version: unknown
at org.openqa.selenium.support.ui.FluentWait.timeoutException(FluentWait.java:263)
at org.openqa.selenium.support.ui.FluentWait.until(FluentWait.java:231)
at com.automationtest.pom.OrangeHRMPage.waitForVisibilityOfElement(OrangeHRMPage.java:313)
at com.automationtest.pom.OrangeHRMPage.confirmDelete(OrangeHRMPage.java:762)
at com.automationtest.testng.DeleteCustomFieldTest.newCustomField(DeleteCustomFieldTest.java:53)
at java.base/java.util.ArrayList.forEach(ArrayList.java:1511)
... Removed 27 stack frames]]>
    </failure>
  </testcase> <!-- newCustomField -->
</testsuite> <!-- Custom Field -->
