<?xml version="1.0" encoding="UTF-8"?>
<!-- Generated by org.testng.reporters.JUnitXMLReporter -->
<testsuite ignored="0" hostname="Solidus" failures="0" tests="1" name="Logout" time="19.787" errors="0" timestamp="2023-04-11T14:41:57 ART">
  <testcase classname="com.automationtest.testng.LogoutTest" name="@BeforeClass openBrowser" time="19.774">
    <failure type="java.lang.NullPointerException" message="Cannot invoke &amp;quot;org.openqa.selenium.support.ui.Wait.until(java.util.function.Function)&amp;quot; because &amp;quot;this.wait&amp;quot; is null">
      <![CDATA[java.lang.NullPointerException: Cannot invoke "org.openqa.selenium.support.ui.Wait.until(java.util.function.Function)" because "this.wait" is null
at com.automationtest.pom.OrangeHRMPage.waitForPresenceOfElement(OrangeHRMPage.java:381)
at com.automationtest.testng.LogoutTest.openBrowser(LogoutTest.java:36)
at java.base/java.util.ArrayList.forEach(ArrayList.java:1511)
... Removed 25 stack frames]]>
    </failure>
  </testcase> <!-- @BeforeClass openBrowser -->
  <testcase classname="com.automationtest.testng.LogoutTest" name="@AfterClass afterClass" time="0.0">
    <skipped/>
  </testcase> <!-- @AfterClass afterClass -->
  <testcase classname="com.automationtest.testng.LogoutTest" name="loginAndLogout" time="0.0">
    <skipped/>
  </testcase> <!-- loginAndLogout -->
</testsuite> <!-- Logout -->
