<?xml version="1.0" encoding="UTF-8"?>
<testng-results ignored="0" total="1" passed="1" failed="0" skipped="0">
  <reporter-output>
  </reporter-output>
  <suite started-at="2023-06-07T18:32:38 ART" name="Restassured" finished-at="2023-06-07T18:32:43 ART" duration-ms="5236">
    <groups>
    </groups>
    <test started-at="2023-06-07T18:32:38 ART" name="Sample Test" finished-at="2023-06-07T18:32:43 ART" duration-ms="5236">
      <class name="com.automationtest.restassured.RestassuredTest">
        <test-method signature="getResponseStatus()[pri:0, instance:com.automationtest.restassured.RestassuredTest@13fd2ccd]" started-at="2023-06-07T18:32:38 ART" name="getResponseStatus" finished-at="2023-06-07T18:32:43 ART" duration-ms="5175" status="PASS">
          <reporter-output>
          </reporter-output>
        </test-method> <!-- getResponseStatus -->
      </class> <!-- com.automationtest.restassured.RestassuredTest -->
    </test> <!-- Sample Test -->
  </suite> <!-- Restassured -->
</testng-results>
