<?xml version="1.0" encoding="UTF-8"?>
<testng-results ignored="0" total="6" passed="6" failed="0" skipped="0">
  <reporter-output>
  </reporter-output>
  <suite started-at="2023-07-06T16:45:29 ART" name="Delete custom field, termination reason, employee and newsfeed post" finished-at="2023-07-06T16:48:42 ART" duration-ms="193314">
    <groups>
    </groups>
    <test started-at="2023-07-06T16:45:29 ART" name="Delete Employee 1" finished-at="2023-07-06T16:46:06 ART" duration-ms="37452">
      <class name="com.automationtest.testng.DeleteEmployeeTest">
        <test-method is-config="true" signature="login()[pri:0, instance:com.automationtest.testng.DeleteEmployeeTest@76b1e9b8]" started-at="2023-07-06T16:45:29 ART" name="login" finished-at="2023-07-06T16:45:55 ART" duration-ms="26317" status="PASS">
          <reporter-output>
          </reporter-output>
        </test-method> <!-- login -->
        <test-method signature="deleteEmployee()[pri:0, instance:com.automationtest.testng.DeleteEmployeeTest@76b1e9b8]" started-at="2023-07-06T16:45:55 ART" name="deleteEmployee" finished-at="2023-07-06T16:46:06 ART" duration-ms="10724" status="PASS">
          <reporter-output>
          </reporter-output>
        </test-method> <!-- deleteEmployee -->
        <test-method is-config="true" signature="afterClass()[pri:0, instance:com.automationtest.testng.DeleteEmployeeTest@76b1e9b8]" started-at="2023-07-06T16:46:06 ART" name="afterClass" finished-at="2023-07-06T16:46:06 ART" duration-ms="318" status="PASS">
          <reporter-output>
          </reporter-output>
        </test-method> <!-- afterClass -->
      </class> <!-- com.automationtest.testng.DeleteEmployeeTest -->
    </test> <!-- Delete Employee 1 -->
    <test started-at="2023-07-06T16:46:06 ART" name="Delete Employee 2" finished-at="2023-07-06T16:46:37 ART" duration-ms="31066">
      <class name="com.automationtest.testng.DeleteEmployee2Test">
        <test-method is-config="true" signature="login()[pri:0, instance:com.automationtest.testng.DeleteEmployee2Test@5afa3c9]" started-at="2023-07-06T16:46:06 ART" name="login" finished-at="2023-07-06T16:46:28 ART" duration-ms="21621" status="PASS">
          <reporter-output>
          </reporter-output>
        </test-method> <!-- login -->
        <test-method signature="deleteEmployee()[pri:0, instance:com.automationtest.testng.DeleteEmployee2Test@5afa3c9]" started-at="2023-07-06T16:46:28 ART" name="deleteEmployee" finished-at="2023-07-06T16:46:37 ART" duration-ms="8953" status="PASS">
          <reporter-output>
          </reporter-output>
        </test-method> <!-- deleteEmployee -->
        <test-method is-config="true" signature="afterClass()[pri:0, instance:com.automationtest.testng.DeleteEmployee2Test@5afa3c9]" started-at="2023-07-06T16:46:37 ART" name="afterClass" finished-at="2023-07-06T16:46:37 ART" duration-ms="489" status="PASS">
          <reporter-output>
          </reporter-output>
        </test-method> <!-- afterClass -->
      </class> <!-- com.automationtest.testng.DeleteEmployee2Test -->
    </test> <!-- Delete Employee 2 -->
    <test started-at="2023-07-06T16:46:37 ART" name="Delete Termination Reason" finished-at="2023-07-06T16:47:08 ART" duration-ms="30471">
      <class name="com.automationtest.testng.DeleteTerminationReasonTest">
        <test-method is-config="true" signature="login()[pri:0, instance:com.automationtest.testng.DeleteTerminationReasonTest@48075da3]" started-at="2023-07-06T16:46:37 ART" name="login" finished-at="2023-07-06T16:46:58 ART" duration-ms="20964" status="PASS">
          <reporter-output>
          </reporter-output>
        </test-method> <!-- login -->
        <test-method signature="deleteTerminationReason()[pri:0, instance:com.automationtest.testng.DeleteTerminationReasonTest@48075da3]" started-at="2023-07-06T16:46:58 ART" name="deleteTerminationReason" finished-at="2023-07-06T16:47:07 ART" duration-ms="9114" status="PASS">
          <reporter-output>
          </reporter-output>
        </test-method> <!-- deleteTerminationReason -->
        <test-method is-config="true" signature="afterClass()[pri:0, instance:com.automationtest.testng.DeleteTerminationReasonTest@48075da3]" started-at="2023-07-06T16:47:07 ART" name="afterClass" finished-at="2023-07-06T16:47:08 ART" duration-ms="391" status="PASS">
          <reporter-output>
          </reporter-output>
        </test-method> <!-- afterClass -->
      </class> <!-- com.automationtest.testng.DeleteTerminationReasonTest -->
    </test> <!-- Delete Termination Reason -->
    <test started-at="2023-07-06T16:47:08 ART" name="Delete Custom Field" finished-at="2023-07-06T16:47:40 ART" duration-ms="32252">
      <class name="com.automationtest.testng.DeleteCustomFieldTest">
        <test-method is-config="true" signature="login()[pri:0, instance:com.automationtest.testng.DeleteCustomFieldTest@5b218417]" started-at="2023-07-06T16:47:08 ART" name="login" finished-at="2023-07-06T16:47:29 ART" duration-ms="21184" status="PASS">
          <reporter-output>
          </reporter-output>
        </test-method> <!-- login -->
        <test-method signature="deleteCustomField()[pri:0, instance:com.automationtest.testng.DeleteCustomFieldTest@5b218417]" started-at="2023-07-06T16:47:29 ART" name="deleteCustomField" finished-at="2023-07-06T16:47:40 ART" duration-ms="10802" status="PASS">
          <reporter-output>
          </reporter-output>
        </test-method> <!-- deleteCustomField -->
        <test-method is-config="true" signature="afterClass()[pri:0, instance:com.automationtest.testng.DeleteCustomFieldTest@5b218417]" started-at="2023-07-06T16:47:40 ART" name="afterClass" finished-at="2023-07-06T16:47:40 ART" duration-ms="265" status="PASS">
          <reporter-output>
          </reporter-output>
        </test-method> <!-- afterClass -->
      </class> <!-- com.automationtest.testng.DeleteCustomFieldTest -->
    </test> <!-- Delete Custom Field -->
    <test started-at="2023-07-06T16:47:40 ART" name="Delete Skill" finished-at="2023-07-06T16:48:12 ART" duration-ms="31828">
      <class name="com.automationtest.testng.DeleteSkillTest">
        <test-method is-config="true" signature="login()[pri:0, instance:com.automationtest.testng.DeleteSkillTest@33bc72d1]" started-at="2023-07-06T16:47:40 ART" name="login" finished-at="2023-07-06T16:48:02 ART" duration-ms="21600" status="PASS">
          <reporter-output>
          </reporter-output>
        </test-method> <!-- login -->
        <test-method signature="deleteSkill()[pri:0, instance:com.automationtest.testng.DeleteSkillTest@33bc72d1]" started-at="2023-07-06T16:48:02 ART" name="deleteSkill" finished-at="2023-07-06T16:48:12 ART" duration-ms="9976" status="PASS">
          <reporter-output>
          </reporter-output>
        </test-method> <!-- deleteSkill -->
        <test-method is-config="true" signature="afterClass()[pri:0, instance:com.automationtest.testng.DeleteSkillTest@33bc72d1]" started-at="2023-07-06T16:48:12 ART" name="afterClass" finished-at="2023-07-06T16:48:12 ART" duration-ms="249" status="PASS">
          <reporter-output>
          </reporter-output>
        </test-method> <!-- afterClass -->
      </class> <!-- com.automationtest.testng.DeleteSkillTest -->
    </test> <!-- Delete Skill -->
    <test started-at="2023-07-06T16:48:12 ART" name="Delete Newsfeed Post" finished-at="2023-07-06T16:48:42 ART" duration-ms="30174">
      <class name="com.automationtest.testng.DeleteNewsfeedPostTest">
        <test-method is-config="true" signature="login()[pri:0, instance:com.automationtest.testng.DeleteNewsfeedPostTest@4681c175]" started-at="2023-07-06T16:48:12 ART" name="login" finished-at="2023-07-06T16:48:34 ART" duration-ms="21683" status="PASS">
          <reporter-output>
          </reporter-output>
        </test-method> <!-- login -->
        <test-method signature="deleteBuzzNewsfeedPost()[pri:0, instance:com.automationtest.testng.DeleteNewsfeedPostTest@4681c175]" started-at="2023-07-06T16:48:34 ART" name="deleteBuzzNewsfeedPost" finished-at="2023-07-06T16:48:42 ART" duration-ms="8079" status="PASS">
          <reporter-output>
          </reporter-output>
        </test-method> <!-- deleteBuzzNewsfeedPost -->
        <test-method is-config="true" signature="afterClass()[pri:0, instance:com.automationtest.testng.DeleteNewsfeedPostTest@4681c175]" started-at="2023-07-06T16:48:42 ART" name="afterClass" finished-at="2023-07-06T16:48:42 ART" duration-ms="411" status="PASS">
          <reporter-output>
          </reporter-output>
        </test-method> <!-- afterClass -->
      </class> <!-- com.automationtest.testng.DeleteNewsfeedPostTest -->
    </test> <!-- Delete Newsfeed Post -->
  </suite> <!-- Delete custom field, termination reason, employee and newsfeed post -->
</testng-results>
