<?xml version="1.0" encoding="UTF-8"?>
<testng-results ignored="0" total="1" passed="1" failed="0" skipped="0">
  <reporter-output>
  </reporter-output>
  <suite started-at="2023-08-28T17:53:26 ART" name="Default suite" finished-at="2023-08-28T17:54:06 ART" duration-ms="40200">
    <groups>
    </groups>
    <test started-at="2023-08-28T17:53:26 ART" name="Default test" finished-at="2023-08-28T17:54:06 ART" duration-ms="40200">
      <class name="com.automationtest.appium.CalculatorTest">
        <test-method is-config="true" signature="setUp()[pri:0, instance:com.automationtest.appium.CalculatorTest@3754a4bf]" started-at="2023-08-28T17:53:26 ART" name="setUp" finished-at="2023-08-28T17:54:01 ART" duration-ms="34934" status="PASS">
          <reporter-output>
          </reporter-output>
        </test-method> <!-- setUp -->
        <test-method signature="testexample()[pri:0, instance:com.automationtest.appium.CalculatorTest@3754a4bf]" started-at="2023-08-28T17:54:01 ART" name="testexample" finished-at="2023-08-28T17:54:06 ART" duration-ms="4933" status="PASS">
          <reporter-output>
          </reporter-output>
        </test-method> <!-- testexample -->
        <test-method is-config="true" signature="tearDown()[pri:0, instance:com.automationtest.appium.CalculatorTest@3754a4bf]" started-at="2023-08-28T17:54:06 ART" name="tearDown" finished-at="2023-08-28T17:54:06 ART" duration-ms="279" status="PASS">
          <reporter-output>
          </reporter-output>
        </test-method> <!-- tearDown -->
      </class> <!-- com.automationtest.appium.CalculatorTest -->
    </test> <!-- Default test -->
  </suite> <!-- Default suite -->
</testng-results>
