<?xml version="1.0" encoding="UTF-8"?>
<testng-results ignored="0" total="1" passed="1" failed="0" skipped="0">
  <reporter-output>
  </reporter-output>
  <suite started-at="2023-03-29T15:33:20 ART" name="Default suite" finished-at="2023-03-29T15:33:55 ART" duration-ms="35365">
    <groups>
    </groups>
    <test started-at="2023-03-29T15:33:20 ART" name="Default test" finished-at="2023-03-29T15:33:55 ART" duration-ms="35365">
      <class name="com.automationtest.testng.NewSkillTest">
        <test-method is-config="true" signature="login()[pri:0, instance:com.automationtest.testng.NewSkillTest@74f0ea28]" started-at="2023-03-29T15:33:20 ART" name="login" finished-at="2023-03-29T15:33:43 ART" duration-ms="22707" status="PASS">
          <reporter-output>
          </reporter-output>
        </test-method> <!-- login -->
        <test-method signature="newSkill()[pri:0, instance:com.automationtest.testng.NewSkillTest@74f0ea28]" started-at="2023-03-29T15:33:43 ART" name="newSkill" finished-at="2023-03-29T15:33:55 ART" duration-ms="12407" status="PASS">
          <reporter-output>
          </reporter-output>
        </test-method> <!-- newSkill -->
        <test-method is-config="true" signature="afterClass()[pri:0, instance:com.automationtest.testng.NewSkillTest@74f0ea28]" started-at="2023-03-29T15:33:55 ART" name="afterClass" finished-at="2023-03-29T15:33:55 ART" duration-ms="190" status="PASS">
          <reporter-output>
          </reporter-output>
        </test-method> <!-- afterClass -->
      </class> <!-- com.automationtest.testng.NewSkillTest -->
    </test> <!-- Default test -->
  </suite> <!-- Default suite -->
</testng-results>
