<?xml version="1.0" encoding="UTF-8"?>
<!-- Generated by org.testng.reporters.JUnitXMLReporter -->
<testsuite ignored="0" hostname="Solidus" failures="1" tests="1" name="Delete Newsfeed Post" time="30.033" errors="0" timestamp="2023-03-30T18:58:25 ART">
  <testcase classname="com.automationtest.testng.DeleteNewsfeedPostTest" name="deleteBuzzNewsfeedPost" time="11.149">
    <failure type="org.openqa.selenium.TimeoutException" message="Expected condition failed: waiting for visibility of element located by By.xpath: //p[contains(.,&amp;apos;2023&amp;apos;)]//ancestor::div[@class=&amp;apos;orangehrm-buzz-post-header&amp;apos;]//child::button (tried for 10 second(s) with 500 milliseconds interval)
Build info: version: &amp;apos;4.8.0&amp;apos;, revision: &amp;apos;267030adea&amp;apos;
System info: os.name: &amp;apos;Windows 10&amp;apos;, os.arch: &amp;apos;amd64&amp;apos;, os.version: &amp;apos;10.0&amp;apos;, java.version: &amp;apos;17.0.2&amp;apos;
Driver info: driver.version: unknown">
      <![CDATA[org.openqa.selenium.TimeoutException: Expected condition failed: waiting for visibility of element located by By.xpath: //p[contains(.,'2023')]//ancestor::div[@class='orangehrm-buzz-post-header']//child::button (tried for 10 second(s) with 500 milliseconds interval)
Build info: version: '4.8.0', revision: '267030adea'
System info: os.name: 'Windows 10', os.arch: 'amd64', os.version: '10.0', java.version: '17.0.2'
Driver info: driver.version: unknown
at org.openqa.selenium.support.ui.FluentWait.timeoutException(FluentWait.java:263)
at org.openqa.selenium.support.ui.FluentWait.until(FluentWait.java:231)
at com.automationtest.pom.OrangeHRMPage.waitForVisibilityOfElement(OrangeHRMPage.java:385)
at com.automationtest.pom.OrangeHRMPage.selectPostConfig(OrangeHRMPage.java:862)
at com.automationtest.testng.DeleteNewsfeedPostTest.deleteBuzzNewsfeedPost(DeleteNewsfeedPostTest.java:49)
at java.base/java.util.ArrayList.forEach(ArrayList.java:1511)
... Removed 27 stack frames]]>
    </failure>
  </testcase> <!-- deleteBuzzNewsfeedPost -->
</testsuite> <!-- Delete Newsfeed Post -->
